c:\users\admin\source\repos\russianblock\russianblock\debug\vc142.pdb
c:\users\admin\source\repos\russianblock\russianblock\debug\vc142.idb
c:\users\admin\source\repos\russianblock\russianblock\debug\single_player.obj
c:\users\admin\source\repos\russianblock\russianblock\debug\network_player.obj
c:\users\admin\source\repos\russianblock\russianblock\debug\main.obj
c:\users\admin\source\repos\russianblock\russianblock\debug\global.obj
c:\users\admin\source\repos\russianblock\russianblock\debug\double_player.obj
c:\users\admin\source\repos\russianblock\russianblock\debug\connect.obj
c:\users\admin\source\repos\russianblock\debug\russianblock.ilk
c:\users\admin\source\repos\russianblock\debug\russianblock.exe
c:\users\admin\source\repos\russianblock\debug\russianblock.pdb
c:\users\admin\source\repos\russianblock\russianblock\debug\russianblock.res
c:\users\admin\source\repos\russianblock\russianblock\debug\russianblock.tlog\cl.command.1.tlog
c:\users\admin\source\repos\russianblock\russianblock\debug\russianblock.tlog\cl.read.1.tlog
c:\users\admin\source\repos\russianblock\russianblock\debug\russianblock.tlog\cl.write.1.tlog
c:\users\admin\source\repos\russianblock\russianblock\debug\russianblock.tlog\link.command.1.tlog
c:\users\admin\source\repos\russianblock\russianblock\debug\russianblock.tlog\link.read.1.tlog
c:\users\admin\source\repos\russianblock\russianblock\debug\russianblock.tlog\link.write.1.tlog
c:\users\admin\source\repos\russianblock\russianblock\debug\russianblock.tlog\rc.command.1.tlog
c:\users\admin\source\repos\russianblock\russianblock\debug\russianblock.tlog\rc.read.1.tlog
c:\users\admin\source\repos\russianblock\russianblock\debug\russianblock.tlog\rc.write.1.tlog
